{
"contracts/MyDutchNFT.sol":{"l":{"15":3,"16":3,"17":3},"path":"/Users/deva/Desktop/Deva/MSIS/Sem 3/Crypto/dutchAuctionV2.0/contracts/MyDutchNFT.sol","s":{"1":3,"2":3,"3":3},"b":{},"f":{"1":6,"2":3},"fnMap":{"1":{"name":"constructor","line":12,"loc":{"start":{"line":12,"column":4},"end":{"line":12,"column":48}}},"2":{"name":"safeMint","line":14,"loc":{"start":{"line":14,"column":4},"end":{"line":18,"column":4}}}},"statementMap":{"1":{"start":{"line":15,"column":8},"end":{"line":15,"column":31}},"2":{"start":{"line":16,"column":8},"end":{"line":16,"column":48}},"3":{"start":{"line":17,"column":8},"end":{"line":17,"column":29}}},"branchMap":{}},
"contracts/NFTDutchAuction.sol":{"l":{"29":3,"30":3,"31":3,"32":3,"33":3,"34":3,"37":3,"38":3,"39":3,"40":3,"44":6,"45":5,"46":4,"48":3,"49":3,"51":3,"52":2,"53":2,"54":2,"56":1,"57":1,"59":3},"path":"/Users/deva/Desktop/Deva/MSIS/Sem 3/Crypto/dutchAuctionV2.0/contracts/NFTDutchAuction.sol","s":{"1":6,"2":5,"3":4,"4":3,"5":3,"6":3,"7":2,"8":2,"9":1,"10":1,"11":3},"b":{"1":[5,1],"2":[4,1],"3":[3,1],"4":[2,1]},"f":{"1":3,"2":6},"fnMap":{"1":{"name":"constructor","line":22,"loc":{"start":{"line":22,"column":4},"end":{"line":41,"column":4}}},"2":{"name":"placeBid","line":43,"loc":{"start":{"line":43,"column":4},"end":{"line":60,"column":4}}}},"statementMap":{"1":{"start":{"line":44,"column":8},"end":{"line":44,"column":54}},"2":{"start":{"line":45,"column":8},"end":{"line":45,"column":59}},"3":{"start":{"line":46,"column":8},"end":{"line":46,"column":68}},"4":{"start":{"line":48,"column":8},"end":{"line":48,"column":59}},"5":{"start":{"line":49,"column":8},"end":{"line":49,"column":78}},"6":{"start":{"line":51,"column":8},"end":{"line":51,"column":1706}},"7":{"start":{"line":52,"column":12},"end":{"line":52,"column":64}},"8":{"start":{"line":53,"column":12},"end":{"line":53,"column":36}},"9":{"start":{"line":56,"column":12},"end":{"line":56,"column":56}},"10":{"start":{"line":57,"column":12},"end":{"line":57,"column":37}},"11":{"start":{"line":59,"column":8},"end":{"line":59,"column":25}}},"branchMap":{"1":{"line":44,"type":"if","locations":[{"start":{"line":44,"column":8},"end":{"line":44,"column":8}},{"start":{"line":44,"column":8},"end":{"line":44,"column":8}}]},"2":{"line":45,"type":"if","locations":[{"start":{"line":45,"column":8},"end":{"line":45,"column":8}},{"start":{"line":45,"column":8},"end":{"line":45,"column":8}}]},"3":{"line":46,"type":"if","locations":[{"start":{"line":46,"column":8},"end":{"line":46,"column":8}},{"start":{"line":46,"column":8},"end":{"line":46,"column":8}}]},"4":{"line":51,"type":"if","locations":[{"start":{"line":51,"column":8},"end":{"line":51,"column":8}},{"start":{"line":51,"column":8},"end":{"line":51,"column":8}}]}}}}
