TN:
SF:/Users/deva/Desktop/Deva/MSIS/Sem 3/Crypto/dutchAuctionV3/contracts/MyDutchNFT.sol
FN:12,constructor
FN:14,safeMint
FNF:2
FNH:2
FNDA:6,constructor
FNDA:3,safeMint
DA:15,3
DA:16,3
DA:17,3
LF:3
LH:3
BRF:0
BRH:0
end_of_record
TN:
SF:/Users/deva/Desktop/Deva/MSIS/Sem 3/Crypto/dutchAuctionV3/contracts/MyERC20Token.sol
FN:6,constructor
FNF:1
FNH:1
FNDA:6,constructor
DA:7,6
LF:1
LH:1
BRF:0
BRH:0
end_of_record
TN:
SF:/Users/deva/Desktop/Deva/MSIS/Sem 3/Crypto/dutchAuctionV3/contracts/NFTDutchAuction.sol
FN:25,constructor
FN:48,placeBid
FNF:2
FNH:2
FNDA:3,constructor
FNDA:5,placeBid
DA:33,3
DA:34,3
DA:35,3
DA:36,3
DA:37,3
DA:38,3
DA:39,3
DA:42,3
DA:43,3
DA:44,3
DA:45,3
DA:49,5
DA:50,4
DA:51,4
DA:53,3
DA:54,3
DA:56,3
DA:58,2
DA:59,2
DA:60,2
DA:62,2
LF:21
LH:21
BRDA:49,1,0,4
BRDA:49,1,1,1
BRDA:50,2,0,4
BRDA:50,2,1,0
BRDA:51,3,0,3
BRDA:51,3,1,1
BRDA:56,4,0,2
BRDA:56,4,1,1
BRF:8
BRH:7
end_of_record
